0 info it worked if it ends with ok
1 verbose cli [ '/usr/bin/node', '/usr/bin/npm', 'run', 'build' ]
2 info using npm@3.7.1
3 info using node@v5.6.0
4 verbose run-script [ 'prebuild', 'build', 'postbuild' ]
5 info lifecycle musicwriter@0.0.1~prebuild: musicwriter@0.0.1
6 silly lifecycle musicwriter@0.0.1~prebuild: no script for prebuild, continuing
7 info lifecycle musicwriter@0.0.1~build: musicwriter@0.0.1
8 verbose lifecycle musicwriter@0.0.1~build: unsafe-perm in lifecycle true
9 verbose lifecycle musicwriter@0.0.1~build: PATH: /usr/lib/node_modules/npm/bin/node-gyp-bin:/app/node_modules/.bin:/usr/bin:/usr/local/sbin:/usr/local/bin:/usr/sbin:/usr/bin:/sbin:/bin
10 verbose lifecycle musicwriter@0.0.1~build: CWD: /app
11 silly lifecycle musicwriter@0.0.1~build: Args: [ '-c',
11 silly lifecycle   'browserify src/js/main.js -t babelify --outfile public/bundle.js' ]
12 info lifecycle musicwriter@0.0.1~build: Failed to exec build script
13 verbose stack Error: musicwriter@0.0.1 build: `browserify src/js/main.js -t babelify --outfile public/bundle.js`
13 verbose stack spawn ENOENT
13 verbose stack     at ChildProcess.<anonymous> (/usr/lib/node_modules/npm/lib/utils/spawn.js:17:16)
13 verbose stack     at emitTwo (events.js:100:13)
13 verbose stack     at ChildProcess.emit (events.js:185:7)
13 verbose stack     at maybeClose (internal/child_process.js:827:16)
13 verbose stack     at Process.ChildProcess._handle.onexit (internal/child_process.js:211:5)
14 verbose pkgid musicwriter@0.0.1
15 verbose cwd /app
16 error Linux 4.4.16-boot2docker
17 error argv "/usr/bin/node" "/usr/bin/npm" "run" "build"
18 error node v5.6.0
19 error npm  v3.7.1
20 error file sh
21 error code ELIFECYCLE
22 error errno ENOENT
23 error syscall spawn
24 error musicwriter@0.0.1 build: `browserify src/js/main.js -t babelify --outfile public/bundle.js`
24 error spawn ENOENT
25 error Failed at the musicwriter@0.0.1 build script 'browserify src/js/main.js -t babelify --outfile public/bundle.js'.
25 error Make sure you have the latest version of node.js and npm installed.
25 error If you do, this is most likely a problem with the musicwriter package,
25 error not with npm itself.
25 error Tell the author that this fails on your system:
25 error     browserify src/js/main.js -t babelify --outfile public/bundle.js
25 error You can get information on how to open an issue for this project with:
25 error     npm bugs musicwriter
25 error Or if that isn't available, you can get their info via:
25 error     npm owner ls musicwriter
25 error There is likely additional logging output above.
26 verbose exit [ 1, true ]
